[debug] [2025-08-26T20:36:07.808Z] ----------------------------------------------------------------------
[debug] [2025-08-26T20:36:07.811Z] Command:       C:\Program Files\nodejs\node.exe C:\Users\mthva\AppData\Roaming\npm\node_modules\firebase-tools\lib\bin\firebase.js init functions
[debug] [2025-08-26T20:36:07.811Z] CLI Version:   14.9.0
[debug] [2025-08-26T20:36:07.811Z] Platform:      win32
[debug] [2025-08-26T20:36:07.811Z] Node Version:  v22.15.0
[debug] [2025-08-26T20:36:07.812Z] Time:          Tue Aug 26 2025 16:36:07 GMT-0400 (Eastern Daylight Time)
[debug] [2025-08-26T20:36:07.812Z] ----------------------------------------------------------------------
[debug] 
[debug] [2025-08-26T20:36:07.814Z] >>> [apiv2][query] GET https://firebase-public.firebaseio.com/cli.json [none]
[debug] [2025-08-26T20:36:07.865Z] > command requires scopes: ["email","openid","https://www.googleapis.com/auth/cloudplatformprojects.readonly","https://www.googleapis.com/auth/firebase","https://www.googleapis.com/auth/cloud-platform"]
[debug] [2025-08-26T20:36:07.866Z] > authorizing via signed-in user (info@service.money)
[info] 
     ######## #### ########  ######## ########     ###     ######  ########
     ##        ##  ##     ## ##       ##     ##  ##   ##  ##       ##
     ######    ##  ########  ######   ########  #########  ######  ######
     ##        ##  ##    ##  ##       ##     ## ##     ##       ## ##
     ##       #### ##     ## ######## ########  ##     ##  ######  ########

You're about to initialize a Firebase project in this directory:

  C:\hvac-dashboard

Before we get started, keep in mind:

  * You are currently outside your home directory

[info] 
=== Project Setup
[info] 
[info] First, let's associate this project directory with a Firebase project.
[info] You can create multiple project aliases by running firebase use --add, 
[info] but for now we'll just set up a default project.
[info] 
[debug] [2025-08-26T20:36:08.037Z] <<< [apiv2][status] GET https://firebase-public.firebaseio.com/cli.json 200
[debug] [2025-08-26T20:36:08.037Z] <<< [apiv2][body] GET https://firebase-public.firebaseio.com/cli.json {"cloudBuildErrorAfter":1594252800000,"cloudBuildWarnAfter":1590019200000,"defaultNode10After":1594252800000,"minVersion":"3.0.5","node8DeploysDisabledAfter":1613390400000,"node8RuntimeDisabledAfter":1615809600000,"node8WarnAfter":1600128000000}
[debug] [2025-08-26T20:36:46.764Z] Checked if tokens are valid: false, expires at: 1751933835505
[debug] [2025-08-26T20:36:46.764Z] Checked if tokens are valid: false, expires at: 1751933835505
[debug] [2025-08-26T20:36:46.765Z] > refreshing access token with scopes: []
[debug] [2025-08-26T20:36:46.766Z] >>> [apiv2][query] POST https://www.googleapis.com/oauth2/v3/token [none]
[debug] [2025-08-26T20:36:46.766Z] >>> [apiv2][body] POST https://www.googleapis.com/oauth2/v3/token [omitted]
[debug] [2025-08-26T20:36:46.935Z] <<< [apiv2][status] POST https://www.googleapis.com/oauth2/v3/token 400
[debug] [2025-08-26T20:36:46.935Z] <<< [apiv2][body] POST https://www.googleapis.com/oauth2/v3/token [omitted]
[error] Authentication Error: Your credentials are no longer valid. Please run firebase login --reauth

For CI servers and headless environments, generate a new token with firebase login:ci
[error] Authentication Error: Your credentials are no longer valid. Please run firebase login --reauth

For CI servers and headless environments, generate a new token with firebase login:ci
[debug] [2025-08-26T20:36:46.938Z] Authentication Error: Your credentials are no longer valid. Please run firebase login --reauth

For CI servers and headless environments, generate a new token with firebase login:ci
[debug] [2025-08-26T20:36:47.052Z] FirebaseError: Authentication Error: Your credentials are no longer valid. Please run firebase login --reauth

For CI servers and headless environments, generate a new token with firebase login:ci
    at invalidCredentialError (C:\Users\mthva\AppData\Roaming\npm\node_modules\firebase-tools\lib\auth.js:167:12)
    at refreshTokens (C:\Users\mthva\AppData\Roaming\npm\node_modules\firebase-tools\lib\auth.js:556:15)
    at process.processTicksAndRejections (node:internal/process/task_queues:105:5)
    at async getAccessToken (C:\Users\mthva\AppData\Roaming\npm\node_modules\firebase-tools\lib\apiv2.js:42:18)
    at async Client.addAuthHeader (C:\Users\mthva\AppData\Roaming\npm\node_modules\firebase-tools\lib\apiv2.js:169:21)
    at async Client.request (C:\Users\mthva\AppData\Roaming\npm\node_modules\firebase-tools\lib\apiv2.js:120:34)
    at async getProjectPage (C:\Users\mthva\AppData\Roaming\npm\node_modules\firebase-tools\lib\management\projects.js:267:17)
    at async getFirebaseProjectPage (C:\Users\mthva\AppData\Roaming\npm\node_modules\firebase-tools\lib\management\projects.js:284:23)
    at async selectProjectInteractively (C:\Users\mthva\AppData\Roaming\npm\node_modules\firebase-tools\lib\management\projects.js:134:41)
    at async Object.doSetup (C:\Users\mthva\AppData\Roaming\npm\node_modules\firebase-tools\lib\init\features\project.js:85:31)
[error] 
[error] Error: Failed to list Firebase projects. See firebase-debug.log for more info.
